<?xml version="1.0" encoding="UTF-8" standalone="yes"?><!DOCTYPE report PUBLIC "-//JACOCO//DTD Report 1.1//EN" "report.dtd"><report name="Vertx RESTEasy Helpers"><sessioninfo id="runnervmkj6or-68db1bbb" start="1770106019251" dump="1770106031037"/><sessioninfo id="runnervmkj6or-68db1bbb" start="1770106019251" dump="1770106031037"/><sessioninfo id="runnervmkj6or-90112683" start="1770106019188" dump="1770106035532"/><sessioninfo id="runnervmkj6or-90112683" start="1770106019188" dump="1770106035532"/><sessioninfo id="runnervmkj6or-550806fe" start="1770106019265" dump="1770106036220"/><sessioninfo id="runnervmkj6or-550806fe" start="1770106019265" dump="1770106036220"/><sessioninfo id="runnervmkj6or-67f29941" start="1770106019176" dump="1770106038330"/><sessioninfo id="runnervmkj6or-67f29941" start="1770106019176" dump="1770106038330"/></report>