<?xml version="1.0" encoding="UTF-8" standalone="yes"?><!DOCTYPE report PUBLIC "-//JACOCO//DTD Report 1.1//EN" "report.dtd"><report name="Vertx RESTEasy Helpers"><sessioninfo id="runnervmvrwv9-e5e4774a" start="1785055373529" dump="1785055390592"/><sessioninfo id="runnervmvrwv9-e5e4774a" start="1785055373529" dump="1785055390592"/><sessioninfo id="runnervmvrwv9-5a9de845" start="1785055373666" dump="1785055392256"/><sessioninfo id="runnervmvrwv9-5a9de845" start="1785055373666" dump="1785055392256"/><sessioninfo id="runnervmvrwv9-51b3b4cd" start="1785055373674" dump="1785055392738"/><sessioninfo id="runnervmvrwv9-51b3b4cd" start="1785055373674" dump="1785055392738"/><sessioninfo id="runnervmvrwv9-857524ae" start="1785055373592" dump="1785055394779"/><sessioninfo id="runnervmvrwv9-857524ae" start="1785055373592" dump="1785055394779"/></report>