<?xml version="1.0" encoding="UTF-8" standalone="yes"?><!DOCTYPE report PUBLIC "-//JACOCO//DTD Report 1.1//EN" "report.dtd"><report name="Vertx RESTEasy Helpers"><sessioninfo id="fv-az459-615-33d8d21a" start="1661757723155" dump="1661757729671"/><sessioninfo id="fv-az459-615-33d8d21a" start="1661757723155" dump="1661757729671"/><sessioninfo id="fv-az459-615-38349a8e" start="1661757723212" dump="1661757737086"/><sessioninfo id="fv-az459-615-38349a8e" start="1661757723212" dump="1661757737086"/><sessioninfo id="fv-az459-615-b6d48cf8" start="1661757723203" dump="1661757737607"/><sessioninfo id="fv-az459-615-b6d48cf8" start="1661757723203" dump="1661757737607"/></report>