<?xml version="1.0" encoding="UTF-8" standalone="yes"?><!DOCTYPE report PUBLIC "-//JACOCO//DTD Report 1.1//EN" "report.dtd"><report name="Vertx RESTEasy Helpers"><sessioninfo id="runnervmg1sw1-30a6f351" start="1763062731532" dump="1763062742703"/><sessioninfo id="runnervmg1sw1-30a6f351" start="1763062731532" dump="1763062742703"/><sessioninfo id="runnervmg1sw1-dbff3717" start="1763062731579" dump="1763062746833"/><sessioninfo id="runnervmg1sw1-dbff3717" start="1763062731579" dump="1763062746833"/><sessioninfo id="runnervmg1sw1-f670b283" start="1763062731546" dump="1763062747477"/><sessioninfo id="runnervmg1sw1-f670b283" start="1763062731546" dump="1763062747477"/><sessioninfo id="runnervmg1sw1-280cff3a" start="1763062731550" dump="1763062749198"/><sessioninfo id="runnervmg1sw1-280cff3a" start="1763062731550" dump="1763062749198"/></report>