GROUP,PACKAGE,CLASS,INSTRUCTION_MISSED,INSTRUCTION_COVERED,BRANCH_MISSED,BRANCH_COVERED,LINE_MISSED,LINE_COVERED,COMPLEXITY_MISSED,COMPLEXITY_COVERED,METHOD_MISSED,METHOD_COVERED
Vertx RESTEasy Helpers,uk.co.spudspoft.vertx.rest,JaxRsHandler,0,61,0,2,0,16,0,3,0,2
Vertx RESTEasy Helpers,uk.co.spudspoft.vertx.rest,TimerContainerRequestFilter,5,142,4,12,2,42,4,12,0,8
Vertx RESTEasy Helpers,uk.co.spudspoft.vertx.rest,OpenApiHandler,30,324,7,37,9,79,6,25,0,9
Vertx RESTEasy Helpers,uk.co.spudspoft.vertx.rest,TimerContainerResponseFilter,32,214,2,25,5,51,2,22,0,9
Vertx RESTEasy Helpers,uk.co.spudspoft.vertx.rest,RoutingContextInjector,3,6,0,0,1,3,1,1,1,1
