<?xml version="1.0" encoding="UTF-8" standalone="yes"?><!DOCTYPE report PUBLIC "-//JACOCO//DTD Report 1.1//EN" "report.dtd"><report name="Vertx RESTEasy Helpers"><sessioninfo id="runnervmkj6or-a393be65" start="1770112676308" dump="1770112690627"/><sessioninfo id="runnervmkj6or-a393be65" start="1770112676308" dump="1770112690627"/><sessioninfo id="runnervmkj6or-fe5dbbb5" start="1770112676351" dump="1770112695960"/><sessioninfo id="runnervmkj6or-fe5dbbb5" start="1770112676351" dump="1770112695960"/><sessioninfo id="runnervmkj6or-b9a78e0b" start="1770112676375" dump="1770112696276"/><sessioninfo id="runnervmkj6or-b9a78e0b" start="1770112676375" dump="1770112696276"/><sessioninfo id="runnervmkj6or-84e8b220" start="1770112676344" dump="1770112698721"/><sessioninfo id="runnervmkj6or-84e8b220" start="1770112676344" dump="1770112698721"/></report>