<?xml version="1.0" encoding="UTF-8" standalone="yes"?><!DOCTYPE report PUBLIC "-//JACOCO//DTD Report 1.1//EN" "report.dtd"><report name="Vertx RESTEasy Helpers"><sessioninfo id="runnervmkj6or-7af4c3cf" start="1770106444221" dump="1770106457210"/><sessioninfo id="runnervmkj6or-7af4c3cf" start="1770106444221" dump="1770106457210"/><sessioninfo id="runnervmkj6or-c99b23c3" start="1770106444096" dump="1770106461523"/><sessioninfo id="runnervmkj6or-c99b23c3" start="1770106444096" dump="1770106461523"/><sessioninfo id="runnervmkj6or-5d81e97a" start="1770106444276" dump="1770106462451"/><sessioninfo id="runnervmkj6or-5d81e97a" start="1770106444276" dump="1770106462451"/><sessioninfo id="runnervmkj6or-d726522b" start="1770106444254" dump="1770106464619"/><sessioninfo id="runnervmkj6or-d726522b" start="1770106444254" dump="1770106464619"/></report>