<?xml version="1.0" encoding="UTF-8" standalone="yes"?><!DOCTYPE report PUBLIC "-//JACOCO//DTD Report 1.1//EN" "report.dtd"><report name="Vertx RESTEasy Helpers"><sessioninfo id="runnervmf2e7y-defaf33a" start="1762168541074" dump="1762168552107"/><sessioninfo id="runnervmf2e7y-defaf33a" start="1762168541074" dump="1762168552107"/><sessioninfo id="runnervmf2e7y-2e9c0999" start="1762168541036" dump="1762168555476"/><sessioninfo id="runnervmf2e7y-2e9c0999" start="1762168541036" dump="1762168555476"/><sessioninfo id="runnervmf2e7y-4ea7a84b" start="1762168541028" dump="1762168556265"/><sessioninfo id="runnervmf2e7y-4ea7a84b" start="1762168541028" dump="1762168556265"/><sessioninfo id="runnervmf2e7y-c91480b7" start="1762168541022" dump="1762168558121"/><sessioninfo id="runnervmf2e7y-c91480b7" start="1762168541022" dump="1762168558121"/></report>