<?xml version="1.0" encoding="UTF-8" standalone="yes"?><!DOCTYPE report PUBLIC "-//JACOCO//DTD Report 1.1//EN" "report.dtd"><report name="Vertx RESTEasy Helpers"><sessioninfo id="fv-az1695-897-aeb8275e" start="1741630949805" dump="1741630967397"/><sessioninfo id="fv-az1695-897-aeb8275e" start="1741630949805" dump="1741630967397"/><sessioninfo id="fv-az1695-897-45883c7" start="1741630949907" dump="1741630967526"/><sessioninfo id="fv-az1695-897-45883c7" start="1741630949907" dump="1741630967526"/><sessioninfo id="fv-az1695-897-96b64a1f" start="1741630949817" dump="1741630968194"/><sessioninfo id="fv-az1695-897-96b64a1f" start="1741630949817" dump="1741630968194"/><sessioninfo id="fv-az1695-897-19e76786" start="1741630949806" dump="1741630971388"/><sessioninfo id="fv-az1695-897-19e76786" start="1741630949806" dump="1741630971388"/></report>