<?xml version="1.0" encoding="UTF-8" standalone="yes"?><!DOCTYPE report PUBLIC "-//JACOCO//DTD Report 1.1//EN" "report.dtd"><report name="Vertx RESTEasy Helpers"><sessioninfo id="fv-az313-133-9c7964b4" start="1668094076550" dump="1668094082497"/><sessioninfo id="fv-az313-133-9c7964b4" start="1668094076550" dump="1668094082497"/><sessioninfo id="fv-az313-133-26095711" start="1668094076591" dump="1668094089905"/><sessioninfo id="fv-az313-133-26095711" start="1668094076591" dump="1668094089905"/><sessioninfo id="fv-az313-133-db37f574" start="1668094076595" dump="1668094092089"/><sessioninfo id="fv-az313-133-db37f574" start="1668094076595" dump="1668094092089"/></report>