<?xml version="1.0" encoding="UTF-8" standalone="yes"?><!DOCTYPE report PUBLIC "-//JACOCO//DTD Report 1.1//EN" "report.dtd"><report name="Vertx RESTEasy Helpers"><sessioninfo id="fv-az654-117-e5125add" start="1728459287393" dump="1728459302394"/><sessioninfo id="fv-az654-117-31a8021b" start="1728459287307" dump="1728459304237"/><sessioninfo id="fv-az654-117-bae9b65b" start="1728459287360" dump="1728459304696"/><sessioninfo id="fv-az654-117-b1a9feb9" start="1728459287355" dump="1728459307479"/><package name="uk/co/spudsoft/vertx/rest"><class name="uk/co/spudsoft/vertx/rest/TimerContainerRequestFilter" sourcefilename="TimerContainerRequestFilter.java"><method name="&lt;init&gt;" desc="(Lio/micrometer/core/instrument/MeterRegistry;)V" line="52"><counter type="INSTRUCTION" missed="0" covered="6"/><counter type="LINE" missed="0" covered="3"/><counter type="COMPLEXITY" missed="0" covered="1"/><counter type="METHOD" missed="0" covered="1"/></method><method name="isNullOrEmpty" desc="(Ljava/lang/String;)Z" line="57"><counter type="INSTRUCTION" missed="0" covered="9"/><counter type="BRANCH" missed="1" covered="3"/><counter type="LINE" missed="0" covered="3"/><counter type="COMPLEXITY" missed="1" covered="2"/><counter type="METHOD" missed="0" covered="1"/></method><method name="filter" desc="(Ljakarta/ws/rs/container/ContainerRequestContext;)V" line="65"><counter type="INSTRUCTION" missed="5" covered="69"/><counter type="BRANCH" missed="3" covered="9"/><counter type="LINE" missed="2" covered="18"/><counter type="COMPLEXITY" missed="3" covered="4"/><counter type="METHOD" missed="0" covered="1"/></method><method name="requestMethodToMeterName" desc="(Ljava/lang/reflect/Method;Ljakarta/ws/rs/container/ContainerRequestContext;)V" line="97"><counter type="INSTRUCTION" missed="0" covered="27"/><counter type="LINE" missed="0" covered="10"/><counter type="COMPLEXITY" missed="0" covered="1"/><counter type="METHOD" missed="0" covered="1"/></method><method name="getSample" desc="(Ljakarta/ws/rs/container/ContainerRequestContext;)Lio/micrometer/core/instrument/Timer$Sample;" line="116"><counter type="INSTRUCTION" missed="0" covered="5"/><counter type="LINE" missed="0" covered="1"/><counter type="COMPLEXITY" missed="0" covered="1"/><counter type="METHOD" missed="0" covered="1"/></method><method name="getAnnotation" desc="(Ljakarta/ws/rs/container/ContainerRequestContext;)Lio/micrometer/core/annotation/Timed;" line="126"><counter type="INSTRUCTION" missed="0" covered="5"/><counter type="LINE" missed="0" covered="1"/><counter type="COMPLEXITY" missed="0" covered="1"/><counter type="METHOD" missed="0" covered="1"/></method><method name="getName" desc="(Ljakarta/ws/rs/container/ContainerRequestContext;)Ljava/lang/String;" line="136"><counter type="INSTRUCTION" missed="0" covered="5"/><counter type="LINE" missed="0" covered="1"/><counter type="COMPLEXITY" missed="0" covered="1"/><counter type="METHOD" missed="0" covered="1"/></method><method name="&lt;clinit&gt;" desc="()V" line="30"><counter type="INSTRUCTION" missed="0" covered="16"/><counter type="LINE" missed="0" covered="4"/><counter type="COMPLEXITY" missed="0" covered="1"/><counter type="METHOD" missed="0" covered="1"/></method><counter type="INSTRUCTION" missed="5" covered="142"/><counter type="BRANCH" missed="4" covered="12"/><counter type="LINE" missed="2" covered="41"/><counter type="COMPLEXITY" missed="4" covered="12"/><counter type="METHOD" missed="0" covered="8"/><counter type="CLASS" missed="0" covered="1"/></class><class name="uk/co/spudsoft/vertx/rest/OpenApiHandler$UiHandler" sourcefilename="OpenApiHandler.java"><method name="&lt;init&gt;" desc="()V" line="122"><counter type="INSTRUCTION" missed="0" covered="3"/><counter type="LINE" missed="0" covered="1"/><counter type="COMPLEXITY" missed="0" covered="1"/><counter type="METHOD" missed="0" covered="1"/></method><method name="buildPath" desc="(Lio/vertx/ext/web/RoutingContext;)Ljava/lang/String;" line="125"><counter type="INSTRUCTION" missed="0" covered="49"/><counter type="BRANCH" missed="0" covered="6"/><counter type="LINE" missed="0" covered="13"/><counter type="COMPLEXITY" missed="0" covered="4"/><counter type="METHOD" missed="0" covered="1"/></method><method name="handle" desc="(Lio/vertx/ext/web/RoutingContext;)V" line="152"><counter type="INSTRUCTION" missed="0" covered="16"/><counter type="LINE" missed="0" covered="5"/><counter type="COMPLEXITY" missed="0" covered="1"/><counter type="METHOD" missed="0" covered="1"/></method><counter type="INSTRUCTION" missed="0" covered="68"/><counter type="BRANCH" missed="0" covered="6"/><counter type="LINE" missed="0" covered="19"/><counter type="COMPLEXITY" missed="0" covered="6"/><counter type="METHOD" missed="0" covered="3"/><counter type="CLASS" missed="0" covered="1"/></class><class name="uk/co/spudsoft/vertx/rest/OpenApiHandler" sourcefilename="OpenApiHandler.java"><method name="&lt;init&gt;" desc="(Ljakarta/ws/rs/core/Application;Lio/swagger/v3/oas/integration/api/OpenAPIConfiguration;Ljava/lang/String;)V" line="67"><counter type="INSTRUCTION" missed="0" covered="13"/><counter type="LINE" missed="0" covered="4"/><counter type="COMPLEXITY" missed="0" covered="1"/><counter type="METHOD" missed="0" covered="1"/></method><method name="&lt;init&gt;" desc="(Ljakarta/ws/rs/core/Application;Lio/swagger/v3/oas/integration/api/OpenAPIConfiguration;Ljava/lang/String;Z)V" line="86"><counter type="INSTRUCTION" missed="0" covered="24"/><counter type="BRANCH" missed="0" covered="2"/><counter type="LINE" missed="0" covered="7"/><counter type="COMPLEXITY" missed="0" covered="2"/><counter type="METHOD" missed="0" covered="1"/></method><method name="getUiHandler" desc="()Luk/co/spudsoft/vertx/rest/OpenApiHandler$UiHandler;" line="102"><counter type="INSTRUCTION" missed="0" covered="4"/><counter type="LINE" missed="0" covered="1"/><counter type="COMPLEXITY" missed="0" covered="1"/><counter type="METHOD" missed="0" covered="1"/></method><method name="hapToHost" desc="(Lio/vertx/core/net/HostAndPort;Z)Ljava/lang/String;" line="106"><counter type="INSTRUCTION" missed="0" covered="19"/><counter type="BRANCH" missed="0" covered="4"/><counter type="LINE" missed="0" covered="4"/><counter type="COMPLEXITY" missed="0" covered="3"/><counter type="METHOD" missed="0" covered="1"/></method><method name="setOpenContextId" desc="(Ljava/lang/String;)Luk/co/spudsoft/vertx/rest/OpenApiHandler;" line="181"><counter type="INSTRUCTION" missed="0" covered="5"/><counter type="LINE" missed="0" covered="2"/><counter type="COMPLEXITY" missed="0" covered="1"/><counter type="METHOD" missed="0" covered="1"/></method><method name="handle" desc="(Lio/vertx/ext/web/RoutingContext;)V" line="187"><counter type="INSTRUCTION" missed="55" covered="208"/><counter type="BRANCH" missed="11" covered="27"/><counter type="LINE" missed="13" covered="52"/><counter type="COMPLEXITY" missed="9" covered="11"/><counter type="METHOD" missed="0" covered="1"/></method><method name="adjustPaths" desc="(Lio/swagger/v3/oas/models/OpenAPI;)V" line="281"><counter type="INSTRUCTION" missed="0" covered="55"/><counter type="BRANCH" missed="1" covered="7"/><counter type="LINE" missed="0" covered="10"/><counter type="COMPLEXITY" missed="1" covered="4"/><counter type="METHOD" missed="0" covered="1"/></method><method name="getQueryParams" desc="(Lio/vertx/ext/web/RoutingContext;)Ljava/util/Map;" line="295"><counter type="INSTRUCTION" missed="0" covered="4"/><counter type="LINE" missed="0" covered="1"/><counter type="COMPLEXITY" missed="0" covered="1"/><counter type="METHOD" missed="0" covered="1"/></method><method name="getCookies" desc="(Lio/vertx/ext/web/RoutingContext;)Ljava/util/Map;" line="299"><counter type="INSTRUCTION" missed="0" covered="26"/><counter type="BRANCH" missed="0" covered="2"/><counter type="LINE" missed="0" covered="5"/><counter type="COMPLEXITY" missed="0" covered="2"/><counter type="METHOD" missed="0" covered="1"/></method><method name="getHeaders" desc="(Lio/vertx/ext/web/RoutingContext;)Ljava/util/Map;" line="307"><counter type="INSTRUCTION" missed="0" covered="5"/><counter type="LINE" missed="0" covered="1"/><counter type="COMPLEXITY" missed="0" covered="1"/><counter type="METHOD" missed="0" covered="1"/></method><method name="multiMapToMap" desc="(Lio/vertx/core/MultiMap;)Ljava/util/Map;" line="311"><counter type="INSTRUCTION" missed="0" covered="44"/><counter type="BRANCH" missed="0" covered="6"/><counter type="LINE" missed="0" covered="10"/><counter type="COMPLEXITY" missed="0" covered="4"/><counter type="METHOD" missed="0" covered="1"/></method><method name="&lt;clinit&gt;" desc="()V" line="46"><counter type="INSTRUCTION" missed="0" covered="4"/><counter type="LINE" missed="0" covered="1"/><counter type="COMPLEXITY" missed="0" covered="1"/><counter type="METHOD" missed="0" covered="1"/></method><counter type="INSTRUCTION" missed="55" covered="411"/><counter type="BRANCH" missed="12" covered="48"/><counter type="LINE" missed="13" covered="98"/><counter type="COMPLEXITY" missed="10" covered="32"/><counter type="METHOD" missed="0" covered="12"/><counter type="CLASS" missed="0" covered="1"/></class><class name="uk/co/spudsoft/vertx/rest/RoutingContextInjector" sourcefilename="RoutingContextInjector.java"><method name="&lt;init&gt;" desc="(Lio/vertx/ext/web/RoutingContext;)V" line="25"><counter type="INSTRUCTION" missed="0" covered="6"/><counter type="LINE" missed="0" covered="3"/><counter type="COMPLEXITY" missed="0" covered="1"/><counter type="METHOD" missed="0" covered="1"/></method><method name="resolve" desc="(Ljava/lang/Class;Ljava/lang/reflect/Type;[Ljava/lang/annotation/Annotation;)Lio/vertx/ext/web/RoutingContext;" line="32"><counter type="INSTRUCTION" missed="0" covered="3"/><counter type="LINE" missed="0" covered="1"/><counter type="COMPLEXITY" missed="0" covered="1"/><counter type="METHOD" missed="0" covered="1"/></method><counter type="INSTRUCTION" missed="0" covered="9"/><counter type="LINE" missed="0" covered="4"/><counter type="COMPLEXITY" missed="0" covered="2"/><counter type="METHOD" missed="0" covered="2"/><counter type="CLASS" missed="0" covered="1"/></class><class name="uk/co/spudsoft/vertx/rest/JaxRsHandler" sourcefilename="JaxRsHandler.java"><method name="&lt;init&gt;" desc="(Lio/vertx/core/Vertx;Lio/micrometer/core/instrument/MeterRegistry;Ljava/lang/String;Ljava/util/List;Ljava/util/List;)V" line="46"><counter type="INSTRUCTION" missed="0" covered="70"/><counter type="BRANCH" missed="0" covered="2"/><counter type="LINE" missed="0" covered="17"/><counter type="COMPLEXITY" missed="0" covered="2"/><counter type="METHOD" missed="0" covered="1"/></method><method name="handle" desc="(Lio/vertx/ext/web/RoutingContext;)V" line="70"><counter type="INSTRUCTION" missed="10" covered="16"/><counter type="LINE" missed="3" covered="6"/><counter type="COMPLEXITY" missed="0" covered="1"/><counter type="METHOD" missed="0" covered="1"/></method><method name="&lt;clinit&gt;" desc="()V" line="32"><counter type="INSTRUCTION" missed="0" covered="4"/><counter type="LINE" missed="0" covered="1"/><counter type="COMPLEXITY" missed="0" covered="1"/><counter type="METHOD" missed="0" covered="1"/></method><counter type="INSTRUCTION" missed="10" covered="90"/><counter type="BRANCH" missed="0" covered="2"/><counter type="LINE" missed="3" covered="24"/><counter type="COMPLEXITY" missed="0" covered="4"/><counter type="METHOD" missed="0" covered="3"/><counter type="CLASS" missed="0" covered="1"/></class><class name="uk/co/spudsoft/vertx/rest/LoggingContainerRequestFilter" sourcefilename="LoggingContainerRequestFilter.java"><method name="&lt;init&gt;" desc="()V" line="26"><counter type="INSTRUCTION" missed="0" covered="3"/><counter type="LINE" missed="0" covered="1"/><counter type="COMPLEXITY" missed="0" covered="1"/><counter type="METHOD" missed="0" covered="1"/></method><method name="filter" desc="(Ljakarta/ws/rs/container/ContainerRequestContext;)V" line="42"><counter type="INSTRUCTION" missed="7" covered="72"/><counter type="BRANCH" missed="2" covered="2"/><counter type="LINE" missed="1" covered="12"/><counter type="COMPLEXITY" missed="2" covered="1"/><counter type="METHOD" missed="0" covered="1"/></method><method name="buildTrace" desc="(Lio/vertx/ext/web/RoutingContext;Ljakarta/ws/rs/container/ContainerRequestContext;)Ljava/lang/String;" line="60"><counter type="INSTRUCTION" missed="0" covered="40"/><counter type="BRANCH" missed="0" covered="6"/><counter type="LINE" missed="0" covered="8"/><counter type="COMPLEXITY" missed="0" covered="4"/><counter type="METHOD" missed="0" covered="1"/></method><method name="lambda$buildTrace$1" desc="(Ljava/lang/StringBuilder;Ljava/lang/String;Ljava/util/List;)V" line="68"><counter type="INSTRUCTION" missed="0" covered="6"/><counter type="LINE" missed="0" covered="2"/><counter type="COMPLEXITY" missed="0" covered="1"/><counter type="METHOD" missed="0" covered="1"/></method><method name="lambda$buildTrace$0" desc="(Ljava/lang/StringBuilder;Ljava/lang/String;Ljava/lang/String;)V" line="69"><counter type="INSTRUCTION" missed="0" covered="11"/><counter type="LINE" missed="0" covered="2"/><counter type="COMPLEXITY" missed="0" covered="1"/><counter type="METHOD" missed="0" covered="1"/></method><method name="&lt;clinit&gt;" desc="()V" line="29"><counter type="INSTRUCTION" missed="0" covered="8"/><counter type="LINE" missed="0" covered="2"/><counter type="COMPLEXITY" missed="0" covered="1"/><counter type="METHOD" missed="0" covered="1"/></method><counter type="INSTRUCTION" missed="7" covered="140"/><counter type="BRANCH" missed="2" covered="8"/><counter type="LINE" missed="1" covered="27"/><counter type="COMPLEXITY" missed="2" covered="9"/><counter type="METHOD" missed="0" covered="6"/><counter type="CLASS" missed="0" covered="1"/></class><class name="uk/co/spudsoft/vertx/rest/TimerContainerResponseFilter" sourcefilename="TimerContainerResponseFilter.java"><method name="&lt;init&gt;" desc="(Lio/micrometer/core/instrument/MeterRegistry;)V" line="41"><counter type="INSTRUCTION" missed="0" covered="6"/><counter type="LINE" missed="0" covered="3"/><counter type="COMPLEXITY" missed="0" covered="1"/><counter type="METHOD" missed="0" covered="1"/></method><method name="filter" desc="(Ljakarta/ws/rs/container/ContainerRequestContext;Ljakarta/ws/rs/container/ContainerResponseContext;)V" line="48"><counter type="INSTRUCTION" missed="5" covered="54"/><counter type="BRANCH" missed="1" covered="5"/><counter type="LINE" missed="2" covered="12"/><counter type="COMPLEXITY" missed="1" covered="3"/><counter type="METHOD" missed="0" covered="1"/></method><method name="buildTags" desc="(Ljakarta/ws/rs/container/ContainerRequestContext;Ljakarta/ws/rs/container/ContainerResponseContext;[Ljava/lang/String;)Ljava/util/List;" line="69"><counter type="INSTRUCTION" missed="24" covered="40"/><counter type="BRANCH" missed="0" covered="2"/><counter type="LINE" missed="2" covered="7"/><counter type="COMPLEXITY" missed="0" covered="2"/><counter type="METHOD" missed="0" covered="1"/></method><method name="getTagValue" desc="(Ljakarta/ws/rs/container/ContainerRequestContext;Ljava/lang/String;)Ljava/lang/String;" line="83"><counter type="INSTRUCTION" missed="0" covered="59"/><counter type="BRANCH" missed="0" covered="9"/><counter type="LINE" missed="0" covered="14"/><counter type="COMPLEXITY" missed="0" covered="7"/><counter type="METHOD" missed="0" covered="1"/></method><method name="getQueryArg" desc="(Ljakarta/ws/rs/container/ContainerRequestContext;Ljava/lang/String;)Ljava/lang/String;" line="110"><counter type="INSTRUCTION" missed="0" covered="10"/><counter type="LINE" missed="0" covered="2"/><counter type="COMPLEXITY" missed="0" covered="1"/><counter type="METHOD" missed="0" covered="1"/></method><method name="getPathArg" desc="(Ljakarta/ws/rs/container/ContainerRequestContext;Ljava/lang/String;)Ljava/lang/String;" line="115"><counter type="INSTRUCTION" missed="0" covered="10"/><counter type="LINE" missed="0" covered="2"/><counter type="COMPLEXITY" missed="0" covered="1"/><counter type="METHOD" missed="0" covered="1"/></method><method name="valuesListToTag" desc="(Ljava/util/List;)Ljava/lang/String;" line="120"><counter type="INSTRUCTION" missed="0" covered="19"/><counter type="BRANCH" missed="0" covered="6"/><counter type="LINE" missed="0" covered="5"/><counter type="COMPLEXITY" missed="0" covered="4"/><counter type="METHOD" missed="0" covered="1"/></method><method name="getMeterName" desc="(Ljakarta/ws/rs/container/ContainerRequestContext;Lio/micrometer/core/annotation/Timed;)Ljava/lang/String;" line="130"><counter type="INSTRUCTION" missed="3" covered="12"/><counter type="BRANCH" missed="1" covered="3"/><counter type="LINE" missed="1" covered="5"/><counter type="COMPLEXITY" missed="1" covered="2"/><counter type="METHOD" missed="0" covered="1"/></method><method name="&lt;clinit&gt;" desc="()V" line="32"><counter type="INSTRUCTION" missed="0" covered="4"/><counter type="LINE" missed="0" covered="1"/><counter type="COMPLEXITY" missed="0" covered="1"/><counter type="METHOD" missed="0" covered="1"/></method><counter type="INSTRUCTION" missed="32" covered="214"/><counter type="BRANCH" missed="2" covered="25"/><counter type="LINE" missed="5" covered="51"/><counter type="COMPLEXITY" missed="2" covered="22"/><counter type="METHOD" missed="0" covered="9"/><counter type="CLASS" missed="0" covered="1"/></class><class name="uk/co/spudsoft/vertx/rest/LoggingContainerResponseFilter" sourcefilename="LoggingContainerResponseFilter.java"><method name="&lt;init&gt;" desc="()V" line="28"><counter type="INSTRUCTION" missed="0" covered="3"/><counter type="LINE" missed="0" covered="1"/><counter type="COMPLEXITY" missed="0" covered="1"/><counter type="METHOD" missed="0" covered="1"/></method><method name="filter" desc="(Ljakarta/ws/rs/container/ContainerRequestContext;Ljakarta/ws/rs/container/ContainerResponseContext;)V" line="39"><counter type="INSTRUCTION" missed="7" covered="87"/><counter type="BRANCH" missed="2" covered="2"/><counter type="LINE" missed="1" covered="14"/><counter type="COMPLEXITY" missed="2" covered="1"/><counter type="METHOD" missed="0" covered="1"/></method><method name="buildTrace" desc="(Lio/vertx/ext/web/RoutingContext;Ljakarta/ws/rs/container/ContainerResponseContext;)Ljava/lang/String;" line="58"><counter type="INSTRUCTION" missed="0" covered="39"/><counter type="BRANCH" missed="0" covered="4"/><counter type="LINE" missed="0" covered="7"/><counter type="COMPLEXITY" missed="0" covered="3"/><counter type="METHOD" missed="0" covered="1"/></method><method name="getUser" desc="(Ljakarta/ws/rs/container/ContainerRequestContext;)Ljava/lang/String;" line="74"><counter type="INSTRUCTION" missed="0" covered="19"/><counter type="BRANCH" missed="0" covered="6"/><counter type="LINE" missed="0" covered="8"/><counter type="COMPLEXITY" missed="0" covered="4"/><counter type="METHOD" missed="0" covered="1"/></method><method name="getDuration" desc="(Ljakarta/ws/rs/container/ContainerRequestContext;J)Ljava/lang/String;" line="88"><counter type="INSTRUCTION" missed="0" covered="18"/><counter type="BRANCH" missed="0" covered="2"/><counter type="LINE" missed="0" covered="4"/><counter type="COMPLEXITY" missed="0" covered="2"/><counter type="METHOD" missed="0" covered="1"/></method><method name="appendClientIp" desc="(Ljava/lang/StringBuilder;Lio/vertx/ext/web/RoutingContext;Ljakarta/ws/rs/container/ContainerRequestContext;)V" line="96"><counter type="INSTRUCTION" missed="0" covered="51"/><counter type="BRANCH" missed="0" covered="12"/><counter type="LINE" missed="0" covered="15"/><counter type="COMPLEXITY" missed="0" covered="7"/><counter type="METHOD" missed="0" covered="1"/></method><method name="lambda$buildTrace$1" desc="(Ljava/lang/StringBuilder;Ljava/lang/String;Ljava/util/List;)V" line="65"><counter type="INSTRUCTION" missed="0" covered="6"/><counter type="LINE" missed="0" covered="2"/><counter type="COMPLEXITY" missed="0" covered="1"/><counter type="METHOD" missed="0" covered="1"/></method><method name="lambda$buildTrace$0" desc="(Ljava/lang/StringBuilder;Ljava/lang/String;Ljava/lang/Object;)V" line="66"><counter type="INSTRUCTION" missed="0" covered="11"/><counter type="LINE" missed="0" covered="2"/><counter type="COMPLEXITY" missed="0" covered="1"/><counter type="METHOD" missed="0" covered="1"/></method><method name="&lt;clinit&gt;" desc="()V" line="31"><counter type="INSTRUCTION" missed="0" covered="4"/><counter type="LINE" missed="0" covered="1"/><counter type="COMPLEXITY" missed="0" covered="1"/><counter type="METHOD" missed="0" covered="1"/></method><counter type="INSTRUCTION" missed="7" covered="238"/><counter type="BRANCH" missed="2" covered="26"/><counter type="LINE" missed="1" covered="54"/><counter type="COMPLEXITY" missed="2" covered="21"/><counter type="METHOD" missed="0" covered="9"/><counter type="CLASS" missed="0" covered="1"/></class><sourcefile name="LoggingContainerResponseFilter.java"><line nr="28" mi="0" ci="3" mb="0" cb="0"/><line nr="31" mi="0" ci="4" mb="0" cb="0"/><line nr="39" mi="0" ci="3" mb="1" cb="1"/><line nr="40" mi="7" ci="0" mb="0" cb="0"/><line nr="41" mi="0" ci="3" mb="1" cb="1"/><line nr="42" mi="0" ci="4" mb="0" cb="0"/><line nr="43" mi="0" ci="5" mb="0" cb="0"/><line nr="44" mi="0" ci="7" mb="0" cb="0"/><line nr="45" mi="0" ci="8" mb="0" cb="0"/><line nr="46" mi="0" ci="7" mb="0" cb="0"/><line nr="47" mi="0" ci="7" mb="0" cb="0"/><line nr="48" mi="0" ci="14" mb="0" cb="0"/><line nr="49" mi="0" ci="8" mb="0" cb="0"/><line nr="50" mi="0" ci="8" mb="0" cb="0"/><line nr="51" mi="0" ci="8" mb="0" cb="0"/><line nr="53" mi="0" ci="4" mb="0" cb="0"/><line nr="55" mi="0" ci="1" mb="0" cb="0"/><line nr="58" mi="0" ci="4" mb="0" cb="0"/><line nr="59" mi="0" ci="2" mb="0" cb="2"/><line nr="60" mi="0" ci="8" mb="0" cb="0"/><line nr="62" mi="0" ci="14" mb="0" cb="0"/><line nr="63" mi="0" ci="3" mb="0" cb="2"/><line nr="64" mi="0" ci="5" mb="0" cb="0"/><line nr="65" mi="0" ci="5" mb="0" cb="0"/><line nr="66" mi="0" ci="10" mb="0" cb="0"/><line nr="67" mi="0" ci="1" mb="0" cb="0"/><line nr="68" mi="0" ci="1" mb="0" cb="0"/><line nr="70" mi="0" ci="3" mb="0" cb="0"/><line nr="74" mi="0" ci="3" mb="0" cb="0"/><line nr="75" mi="0" ci="2" mb="0" cb="2"/><line nr="76" mi="0" ci="3" mb="0" cb="0"/><line nr="77" mi="0" ci="2" mb="0" cb="2"/><line nr="78" mi="0" ci="3" mb="0" cb="0"/><line nr="79" mi="0" ci="2" mb="0" cb="2"/><line nr="80" mi="0" ci="2" mb="0" cb="0"/><line nr="84" mi="0" ci="2" mb="0" cb="0"/><line nr="88" mi="0" ci="4" mb="0" cb="0"/><line nr="89" mi="0" ci="6" mb="0" cb="2"/><line nr="90" mi="0" ci="6" mb="0" cb="0"/><line nr="92" mi="0" ci="2" mb="0" cb="0"/><line nr="96" mi="0" ci="2" mb="0" cb="2"/><line nr="97" mi="0" ci="6" mb="0" cb="0"/><line nr="99" mi="0" ci="4" mb="0" cb="0"/><line nr="100" mi="0" ci="4" mb="0" cb="0"/><line nr="101" mi="0" ci="4" mb="0" cb="4"/><line nr="102" mi="0" ci="4" mb="0" cb="0"/><line nr="103" mi="0" ci="2" mb="0" cb="2"/><line nr="104" mi="0" ci="4" mb="0" cb="0"/><line nr="106" mi="0" ci="2" mb="0" cb="2"/><line nr="107" mi="0" ci="2" mb="0" cb="2"/><line nr="108" mi="0" ci="4" mb="0" cb="0"/><line nr="110" mi="0" ci="4" mb="0" cb="0"/><line nr="112" mi="0" ci="4" mb="0" cb="0"/><line nr="114" mi="0" ci="4" mb="0" cb="0"/><line nr="116" mi="0" ci="1" mb="0" cb="0"/><counter type="INSTRUCTION" missed="7" covered="238"/><counter type="BRANCH" missed="2" covered="26"/><counter type="LINE" missed="1" covered="54"/><counter type="COMPLEXITY" missed="2" covered="21"/><counter type="METHOD" missed="0" covered="9"/><counter type="CLASS" missed="0" covered="1"/></sourcefile><sourcefile name="TimerContainerResponseFilter.java"><line nr="32" mi="0" ci="4" mb="0" cb="0"/><line nr="41" mi="0" ci="2" mb="0" cb="0"/><line nr="42" mi="0" ci="3" mb="0" cb="0"/><line nr="43" mi="0" ci="1" mb="0" cb="0"/><line nr="48" mi="0" ci="3" mb="0" cb="0"/><line nr="49" mi="0" ci="2" mb="1" cb="1"/><line nr="51" mi="0" ci="3" mb="0" cb="0"/><line nr="53" mi="0" ci="5" mb="0" cb="0"/><line nr="55" mi="0" ci="6" mb="0" cb="0"/><line nr="56" mi="0" ci="3" mb="0" cb="0"/><line nr="57" mi="0" ci="10" mb="0" cb="2"/><line nr="58" mi="0" ci="3" mb="0" cb="0"/><line nr="59" mi="0" ci="10" mb="0" cb="2"/><line nr="61" mi="0" ci="7" mb="0" cb="0"/><line nr="63" mi="1" ci="0" mb="0" cb="0"/><line nr="64" mi="4" ci="0" mb="0" cb="0"/><line nr="65" mi="0" ci="1" mb="0" cb="0"/><line nr="66" mi="0" ci="1" mb="0" cb="0"/><line nr="69" mi="0" ci="4" mb="0" cb="0"/><line nr="70" mi="0" ci="8" mb="0" cb="0"/><line nr="71" mi="0" ci="8" mb="0" cb="2"/><line nr="73" mi="0" ci="9" mb="0" cb="0"/><line nr="74" mi="0" ci="8" mb="0" cb="0"/><line nr="75" mi="1" ci="0" mb="0" cb="0"/><line nr="76" mi="23" ci="0" mb="0" cb="0"/><line nr="77" mi="0" ci="1" mb="0" cb="0"/><line nr="79" mi="0" ci="2" mb="0" cb="0"/><line nr="83" mi="0" ci="4" mb="0" cb="2"/><line nr="84" mi="0" ci="4" mb="0" cb="0"/><line nr="86" mi="0" ci="2" mb="0" cb="0"/><line nr="87" mi="0" ci="2" mb="0" cb="0"/><line nr="88" mi="0" ci="2" mb="0" cb="2"/><line nr="89" mi="0" ci="5" mb="0" cb="0"/><line nr="90" mi="0" ci="6" mb="0" cb="0"/><line nr="92" mi="0" ci="8" mb="0" cb="5"/><line nr="94" mi="0" ci="5" mb="0" cb="0"/><line nr="96" mi="0" ci="3" mb="0" cb="0"/><line nr="98" mi="0" ci="4" mb="0" cb="0"/><line nr="100" mi="0" ci="5" mb="0" cb="0"/><line nr="102" mi="0" ci="7" mb="0" cb="0"/><line nr="105" mi="0" ci="2" mb="0" cb="0"/><line nr="110" mi="0" ci="7" mb="0" cb="0"/><line nr="111" mi="0" ci="3" mb="0" cb="0"/><line nr="115" mi="0" ci="7" mb="0" cb="0"/><line nr="116" mi="0" ci="3" mb="0" cb="0"/><line nr="120" mi="0" ci="5" mb="0" cb="4"/><line nr="121" mi="0" ci="2" mb="0" cb="0"/><line nr="122" mi="0" ci="4" mb="0" cb="2"/><line nr="123" mi="0" ci="5" mb="0" cb="0"/><line nr="125" mi="0" ci="3" mb="0" cb="0"/><line nr="130" mi="0" ci="3" mb="0" cb="0"/><line nr="131" mi="0" ci="2" mb="0" cb="2"/><line nr="132" mi="0" ci="3" mb="0" cb="0"/><line nr="134" mi="0" ci="2" mb="1" cb="1"/><line nr="135" mi="3" ci="0" mb="0" cb="0"/><line nr="137" mi="0" ci="2" mb="0" cb="0"/><counter type="INSTRUCTION" missed="32" covered="214"/><counter type="BRANCH" missed="2" covered="25"/><counter type="LINE" missed="5" covered="51"/><counter type="COMPLEXITY" missed="2" covered="22"/><counter type="METHOD" missed="0" covered="9"/><counter type="CLASS" missed="0" covered="1"/></sourcefile><sourcefile name="OpenApiHandler.java"><line nr="46" mi="0" ci="4" mb="0" cb="0"/><line nr="67" mi="0" ci="5" mb="0" cb="0"/><line nr="68" mi="0" ci="4" mb="0" cb="0"/><line nr="69" mi="0" ci="3" mb="0" cb="0"/><line nr="72" mi="0" ci="1" mb="0" cb="0"/><line nr="86" mi="0" ci="2" mb="0" cb="0"/><line nr="87" mi="0" ci="3" mb="0" cb="0"/><line nr="88" mi="0" ci="3" mb="0" cb="0"/><line nr="90" mi="0" ci="4" mb="0" cb="2"/><line nr="91" mi="0" ci="8" mb="0" cb="0"/><line nr="94" mi="0" ci="3" mb="0" cb="0"/><line nr="95" mi="0" ci="1" mb="0" cb="0"/><line nr="102" mi="0" ci="4" mb="0" cb="0"/><line nr="106" mi="0" ci="6" mb="0" cb="2"/><line nr="107" mi="0" ci="4" mb="0" cb="2"/><line nr="108" mi="0" ci="3" mb="0" cb="0"/><line nr="110" mi="0" ci="6" mb="0" cb="0"/><line nr="122" mi="0" ci="3" mb="0" cb="0"/><line nr="125" mi="0" ci="3" mb="0" cb="0"/><line nr="126" mi="0" ci="3" mb="0" cb="0"/><line nr="127" mi="0" ci="8" mb="0" cb="2"/><line nr="128" mi="0" ci="3" mb="0" cb="0"/><line nr="130" mi="0" ci="2" mb="0" cb="2"/><line nr="131" mi="0" ci="3" mb="0" cb="2"/><line nr="132" mi="0" ci="2" mb="0" cb="0"/><line nr="133" mi="0" ci="5" mb="0" cb="0"/><line nr="135" mi="0" ci="2" mb="0" cb="0"/><line nr="136" mi="0" ci="5" mb="0" cb="0"/><line nr="139" mi="0" ci="3" mb="0" cb="0"/><line nr="140" mi="0" ci="6" mb="0" cb="0"/><line nr="143" mi="0" ci="4" mb="0" cb="0"/><line nr="152" mi="0" ci="3" mb="0" cb="0"/><line nr="154" mi="0" ci="3" mb="0" cb="0"/><line nr="165" mi="0" ci="2" mb="0" cb="0"/><line nr="167" mi="0" ci="7" mb="0" cb="0"/><line nr="168" mi="0" ci="1" mb="0" cb="0"/><line nr="181" mi="0" ci="3" mb="0" cb="0"/><line nr="182" mi="0" ci="2" mb="0" cb="0"/><line nr="187" mi="0" ci="3" mb="0" cb="0"/><line nr="189" mi="0" ci="5" mb="0" cb="0"/><line nr="190" mi="0" ci="2" mb="0" cb="0"/><line nr="191" mi="0" ci="4" mb="0" cb="0"/><line nr="192" mi="0" ci="3" mb="0" cb="2"/><line nr="193" mi="0" ci="4" mb="0" cb="0"/><line nr="195" mi="0" ci="4" mb="0" cb="0"/><line nr="197" mi="0" ci="3" mb="0" cb="0"/><line nr="198" mi="0" ci="2" mb="1" cb="1"/><line nr="199" mi="3" ci="0" mb="0" cb="0"/><line nr="202" mi="0" ci="2" mb="0" cb="0"/><line nr="203" mi="0" ci="5" mb="0" cb="2"/><line nr="204" mi="0" ci="2" mb="0" cb="0"/><line nr="207" mi="0" ci="3" mb="0" cb="0"/><line nr="208" mi="0" ci="2" mb="1" cb="1"/><line nr="209" mi="0" ci="4" mb="0" cb="2"/><line nr="210" mi="0" ci="3" mb="0" cb="0"/><line nr="212" mi="0" ci="3" mb="0" cb="2"/><line nr="214" mi="0" ci="4" mb="0" cb="0"/><line nr="215" mi="0" ci="8" mb="0" cb="0"/><line nr="216" mi="0" ci="4" mb="0" cb="0"/><line nr="217" mi="0" ci="7" mb="0" cb="0"/><line nr="219" mi="0" ci="3" mb="0" cb="0"/><line nr="220" mi="0" ci="3" mb="0" cb="0"/><line nr="221" mi="0" ci="1" mb="0" cb="0"/><line nr="223" mi="1" ci="0" mb="0" cb="0"/><line nr="224" mi="4" ci="0" mb="0" cb="0"/><line nr="225" mi="0" ci="1" mb="0" cb="0"/><line nr="229" mi="0" ci="2" mb="1" cb="1"/><line nr="230" mi="3" ci="0" mb="0" cb="0"/><line nr="231" mi="3" ci="0" mb="0" cb="0"/><line nr="232" mi="1" ci="0" mb="0" cb="0"/><line nr="235" mi="0" ci="3" mb="0" cb="0"/><line nr="236" mi="0" ci="5" mb="0" cb="0"/><line nr="238" mi="0" ci="3" mb="0" cb="0"/><line nr="239" mi="0" ci="4" mb="0" cb="0"/><line nr="240" mi="0" ci="2" mb="0" cb="2"/><line nr="241" mi="0" ci="7" mb="0" cb="0"/><line nr="242" mi="0" ci="4" mb="0" cb="0"/><line nr="243" mi="0" ci="7" mb="0" cb="0"/><line nr="244" mi="0" ci="2" mb="0" cb="2"/><line nr="245" mi="0" ci="4" mb="0" cb="0"/><line nr="246" mi="0" ci="3" mb="0" cb="0"/><line nr="247" mi="0" ci="1" mb="0" cb="0"/><line nr="249" mi="0" ci="3" mb="0" cb="0"/><line nr="250" mi="0" ci="5" mb="2" cb="2"/><line nr="251" mi="0" ci="5" mb="0" cb="0"/><line nr="252" mi="0" ci="6" mb="0" cb="0"/><line nr="254" mi="5" ci="0" mb="0" cb="0"/><line nr="255" mi="4" ci="0" mb="0" cb="0"/><line nr="257" mi="0" ci="5" mb="0" cb="2"/><line nr="258" mi="0" ci="5" mb="0" cb="0"/><line nr="259" mi="0" ci="4" mb="0" cb="2"/><line nr="260" mi="3" ci="9" mb="1" cb="1"/><line nr="262" mi="0" ci="12" mb="0" cb="2"/><line nr="265" mi="0" ci="5" mb="0" cb="0"/><line nr="266" mi="0" ci="4" mb="1" cb="1"/><line nr="267" mi="12" ci="0" mb="2" cb="0"/><line nr="269" mi="0" ci="11" mb="0" cb="2"/><line nr="272" mi="1" ci="0" mb="0" cb="0"/><line nr="273" mi="3" ci="0" mb="0" cb="0"/><line nr="274" mi="9" ci="0" mb="2" cb="0"/><line nr="276" mi="3" ci="0" mb="0" cb="0"/><line nr="277" mi="0" ci="1" mb="0" cb="0"/><line nr="278" mi="0" ci="1" mb="0" cb="0"/><line nr="281" mi="0" ci="3" mb="0" cb="0"/><line nr="282" mi="0" ci="5" mb="1" cb="3"/><line nr="283" mi="0" ci="11" mb="0" cb="2"/><line nr="284" mi="0" ci="4" mb="0" cb="0"/><line nr="285" mi="0" ci="4" mb="0" cb="0"/><line nr="286" mi="0" ci="11" mb="0" cb="2"/><line nr="287" mi="0" ci="12" mb="0" cb="0"/><line nr="288" mi="0" ci="1" mb="0" cb="0"/><line nr="289" mi="0" ci="3" mb="0" cb="0"/><line nr="292" mi="0" ci="1" mb="0" cb="0"/><line nr="295" mi="0" ci="4" mb="0" cb="0"/><line nr="299" mi="0" ci="4" mb="0" cb="0"/><line nr="300" mi="0" ci="12" mb="0" cb="2"/><line nr="301" mi="0" ci="7" mb="0" cb="0"/><line nr="302" mi="0" ci="1" mb="0" cb="0"/><line nr="303" mi="0" ci="2" mb="0" cb="0"/><line nr="307" mi="0" ci="5" mb="0" cb="0"/><line nr="311" mi="0" ci="4" mb="0" cb="0"/><line nr="312" mi="0" ci="2" mb="0" cb="2"/><line nr="313" mi="0" ci="10" mb="0" cb="2"/><line nr="314" mi="0" ci="6" mb="0" cb="0"/><line nr="315" mi="0" ci="2" mb="0" cb="2"/><line nr="316" mi="0" ci="4" mb="0" cb="0"/><line nr="317" mi="0" ci="7" mb="0" cb="0"/><line nr="319" mi="0" ci="6" mb="0" cb="0"/><line nr="320" mi="0" ci="1" mb="0" cb="0"/><line nr="322" mi="0" ci="2" mb="0" cb="0"/><counter type="INSTRUCTION" missed="55" covered="479"/><counter type="BRANCH" missed="12" covered="54"/><counter type="LINE" missed="13" covered="117"/><counter type="COMPLEXITY" missed="10" covered="38"/><counter type="METHOD" missed="0" covered="15"/><counter type="CLASS" missed="0" covered="2"/></sourcefile><sourcefile name="JaxRsHandler.java"><line nr="32" mi="0" ci="4" mb="0" cb="0"/><line nr="46" mi="0" ci="2" mb="0" cb="0"/><line nr="47" mi="0" ci="5" mb="0" cb="0"/><line nr="48" mi="0" ci="4" mb="0" cb="0"/><line nr="49" mi="0" ci="4" mb="0" cb="0"/><line nr="50" mi="0" ci="3" mb="0" cb="0"/><line nr="51" mi="0" ci="9" mb="0" cb="0"/><line nr="53" mi="0" ci="2" mb="0" cb="0"/><line nr="54" mi="0" ci="2" mb="0" cb="2"/><line nr="55" mi="0" ci="7" mb="0" cb="0"/><line nr="56" mi="0" ci="7" mb="0" cb="0"/><line nr="58" mi="0" ci="6" mb="0" cb="0"/><line nr="59" mi="0" ci="6" mb="0" cb="0"/><line nr="61" mi="0" ci="3" mb="0" cb="0"/><line nr="62" mi="0" ci="3" mb="0" cb="0"/><line nr="63" mi="0" ci="3" mb="0" cb="0"/><line nr="64" mi="0" ci="3" mb="0" cb="0"/><line nr="65" mi="0" ci="1" mb="0" cb="0"/><line nr="70" mi="0" ci="1" mb="0" cb="0"/><line nr="71" mi="0" ci="6" mb="0" cb="0"/><line nr="72" mi="0" ci="2" mb="0" cb="0"/><line nr="75" mi="0" ci="5" mb="0" cb="0"/><line nr="76" mi="1" ci="0" mb="0" cb="0"/><line nr="77" mi="7" ci="0" mb="0" cb="0"/><line nr="78" mi="2" ci="0" mb="0" cb="0"/><line nr="79" mi="0" ci="1" mb="0" cb="0"/><line nr="80" mi="0" ci="1" mb="0" cb="0"/><counter type="INSTRUCTION" missed="10" covered="90"/><counter type="BRANCH" missed="0" covered="2"/><counter type="LINE" missed="3" covered="24"/><counter type="COMPLEXITY" missed="0" covered="4"/><counter type="METHOD" missed="0" covered="3"/><counter type="CLASS" missed="0" covered="1"/></sourcefile><sourcefile name="RoutingContextInjector.java"><line nr="25" mi="0" ci="2" mb="0" cb="0"/><line nr="26" mi="0" ci="3" mb="0" cb="0"/><line nr="27" mi="0" ci="1" mb="0" cb="0"/><line nr="32" mi="0" ci="3" mb="0" cb="0"/><counter type="INSTRUCTION" missed="0" covered="9"/><counter type="LINE" missed="0" covered="4"/><counter type="COMPLEXITY" missed="0" covered="2"/><counter type="METHOD" missed="0" covered="2"/><counter type="CLASS" missed="0" covered="1"/></sourcefile><sourcefile name="LoggingContainerRequestFilter.java"><line nr="26" mi="0" ci="3" mb="0" cb="0"/><line nr="29" mi="0" ci="3" mb="0" cb="0"/><line nr="37" mi="0" ci="5" mb="0" cb="0"/><line nr="42" mi="0" ci="5" mb="0" cb="0"/><line nr="43" mi="0" ci="3" mb="1" cb="1"/><line nr="44" mi="7" ci="0" mb="0" cb="0"/><line nr="45" mi="0" ci="3" mb="1" cb="1"/><line nr="46" mi="0" ci="4" mb="0" cb="0"/><line nr="47" mi="0" ci="5" mb="0" cb="0"/><line nr="48" mi="0" ci="7" mb="0" cb="0"/><line nr="50" mi="0" ci="14" mb="0" cb="0"/><line nr="51" mi="0" ci="8" mb="0" cb="0"/><line nr="52" mi="0" ci="8" mb="0" cb="0"/><line nr="53" mi="0" ci="10" mb="0" cb="0"/><line nr="55" mi="0" ci="4" mb="0" cb="0"/><line nr="57" mi="0" ci="1" mb="0" cb="0"/><line nr="60" mi="0" ci="4" mb="0" cb="0"/><line nr="61" mi="0" ci="2" mb="0" cb="2"/><line nr="62" mi="0" ci="8" mb="0" cb="0"/><line nr="64" mi="0" ci="2" mb="0" cb="2"/><line nr="65" mi="0" ci="13" mb="0" cb="0"/><line nr="66" mi="0" ci="3" mb="0" cb="2"/><line nr="67" mi="0" ci="5" mb="0" cb="0"/><line nr="68" mi="0" ci="5" mb="0" cb="0"/><line nr="69" mi="0" ci="10" mb="0" cb="0"/><line nr="70" mi="0" ci="1" mb="0" cb="0"/><line nr="71" mi="0" ci="1" mb="0" cb="0"/><line nr="74" mi="0" ci="3" mb="0" cb="0"/><counter type="INSTRUCTION" missed="7" covered="140"/><counter type="BRANCH" missed="2" covered="8"/><counter type="LINE" missed="1" covered="27"/><counter type="COMPLEXITY" missed="2" covered="9"/><counter type="METHOD" missed="0" covered="6"/><counter type="CLASS" missed="0" covered="1"/></sourcefile><sourcefile name="TimerContainerRequestFilter.java"><line nr="30" mi="0" ci="3" mb="0" cb="0"/><line nr="35" mi="0" ci="4" mb="0" cb="0"/><line nr="39" mi="0" ci="4" mb="0" cb="0"/><line nr="43" mi="0" ci="5" mb="0" cb="0"/><line nr="52" mi="0" ci="2" mb="0" cb="0"/><line nr="53" mi="0" ci="3" mb="0" cb="0"/><line nr="54" mi="0" ci="1" mb="0" cb="0"/><line nr="57" mi="0" ci="5" mb="1" cb="3"/><line nr="58" mi="0" ci="2" mb="0" cb="0"/><line nr="60" mi="0" ci="2" mb="0" cb="0"/><line nr="65" mi="0" ci="6" mb="1" cb="1"/><line nr="67" mi="0" ci="4" mb="0" cb="0"/><line nr="68" mi="0" ci="5" mb="0" cb="0"/><line nr="69" mi="0" ci="2" mb="0" cb="2"/><line nr="70" mi="0" ci="4" mb="0" cb="2"/><line nr="71" mi="0" ci="5" mb="0" cb="0"/><line nr="74" mi="0" ci="6" mb="0" cb="0"/><line nr="75" mi="0" ci="2" mb="1" cb="1"/><line nr="76" mi="0" ci="4" mb="0" cb="2"/><line nr="77" mi="0" ci="5" mb="0" cb="0"/><line nr="79" mi="0" ci="6" mb="0" cb="0"/><line nr="80" mi="0" ci="4" mb="0" cb="0"/><line nr="85" mi="0" ci="2" mb="1" cb="1"/><line nr="86" mi="0" ci="4" mb="0" cb="0"/><line nr="87" mi="0" ci="4" mb="0" cb="0"/><line nr="88" mi="0" ci="4" mb="0" cb="0"/><line nr="90" mi="1" ci="0" mb="0" cb="0"/><line nr="91" mi="4" ci="0" mb="0" cb="0"/><line nr="92" mi="0" ci="1" mb="0" cb="0"/><line nr="94" mi="0" ci="1" mb="0" cb="0"/><line nr="97" mi="0" ci="2" mb="0" cb="0"/><line nr="98" mi="0" ci="3" mb="0" cb="0"/><line nr="99" mi="0" ci="3" mb="0" cb="0"/><line nr="100" mi="0" ci="3" mb="0" cb="0"/><line nr="101" mi="0" ci="3" mb="0" cb="0"/><line nr="102" mi="0" ci="3" mb="0" cb="0"/><line nr="103" mi="0" ci="3" mb="0" cb="0"/><line nr="104" mi="0" ci="2" mb="0" cb="0"/><line nr="106" mi="0" ci="4" mb="0" cb="0"/><line nr="107" mi="0" ci="1" mb="0" cb="0"/><line nr="116" mi="0" ci="5" mb="0" cb="0"/><line nr="126" mi="0" ci="5" mb="0" cb="0"/><line nr="136" mi="0" ci="5" mb="0" cb="0"/><counter type="INSTRUCTION" missed="5" covered="142"/><counter type="BRANCH" missed="4" covered="12"/><counter type="LINE" missed="2" covered="41"/><counter type="COMPLEXITY" missed="4" covered="12"/><counter type="METHOD" missed="0" covered="8"/><counter type="CLASS" missed="0" covered="1"/></sourcefile><counter type="INSTRUCTION" missed="116" covered="1312"/><counter type="BRANCH" missed="22" covered="127"/><counter type="LINE" missed="25" covered="318"/><counter type="COMPLEXITY" missed="20" covered="108"/><counter type="METHOD" missed="0" covered="52"/><counter type="CLASS" missed="0" covered="8"/></package><package name="uk/co/spudsoft/vertx/rest/serialisers"><class name="uk/co/spudsoft/vertx/rest/serialisers/JsonObjectMessageBodyReader" sourcefilename="JsonObjectMessageBodyReader.java"><method name="&lt;init&gt;" desc="()V" line="34"><counter type="INSTRUCTION" missed="0" covered="3"/><counter type="LINE" missed="0" covered="1"/><counter type="COMPLEXITY" missed="0" covered="1"/><counter type="METHOD" missed="0" covered="1"/></method><method name="isReadable" desc="(Ljava/lang/Class;Ljava/lang/reflect/Type;[Ljava/lang/annotation/Annotation;Ljakarta/ws/rs/core/MediaType;)Z" line="38"><counter type="INSTRUCTION" missed="0" covered="4"/><counter type="LINE" missed="0" covered="1"/><counter type="COMPLEXITY" missed="0" covered="1"/><counter type="METHOD" missed="0" covered="1"/></method><method name="readFrom" desc="(Ljava/lang/Class;Ljava/lang/reflect/Type;[Ljava/lang/annotation/Annotation;Ljakarta/ws/rs/core/MediaType;Ljakarta/ws/rs/core/MultivaluedMap;Ljava/io/InputStream;)Lio/vertx/core/json/JsonObject;" line="43"><counter type="INSTRUCTION" missed="0" covered="7"/><counter type="LINE" missed="0" covered="1"/><counter type="COMPLEXITY" missed="0" covered="1"/><counter type="METHOD" missed="0" covered="1"/></method><counter type="INSTRUCTION" missed="0" covered="14"/><counter type="LINE" missed="0" covered="3"/><counter type="COMPLEXITY" missed="0" covered="3"/><counter type="METHOD" missed="0" covered="3"/><counter type="CLASS" missed="0" covered="1"/></class><class name="uk/co/spudsoft/vertx/rest/serialisers/JsonArrayMessageBodyWriter" sourcefilename="JsonArrayMessageBodyWriter.java"><method name="&lt;init&gt;" desc="()V" line="34"><counter type="INSTRUCTION" missed="0" covered="3"/><counter type="LINE" missed="0" covered="1"/><counter type="COMPLEXITY" missed="0" covered="1"/><counter type="METHOD" missed="0" covered="1"/></method><method name="isWriteable" desc="(Ljava/lang/Class;Ljava/lang/reflect/Type;[Ljava/lang/annotation/Annotation;Ljakarta/ws/rs/core/MediaType;)Z" line="38"><counter type="INSTRUCTION" missed="0" covered="4"/><counter type="LINE" missed="0" covered="1"/><counter type="COMPLEXITY" missed="0" covered="1"/><counter type="METHOD" missed="0" covered="1"/></method><method name="writeTo" desc="(Lio/vertx/core/json/JsonArray;Ljava/lang/Class;Ljava/lang/reflect/Type;[Ljava/lang/annotation/Annotation;Ljakarta/ws/rs/core/MediaType;Ljakarta/ws/rs/core/MultivaluedMap;Ljava/io/OutputStream;)V" line="43"><counter type="INSTRUCTION" missed="0" covered="7"/><counter type="LINE" missed="0" covered="2"/><counter type="COMPLEXITY" missed="0" covered="1"/><counter type="METHOD" missed="0" covered="1"/></method><counter type="INSTRUCTION" missed="0" covered="14"/><counter type="LINE" missed="0" covered="4"/><counter type="COMPLEXITY" missed="0" covered="3"/><counter type="METHOD" missed="0" covered="3"/><counter type="CLASS" missed="0" covered="1"/></class><class name="uk/co/spudsoft/vertx/rest/serialisers/JsonObjectMessageBodyWriter" sourcefilename="JsonObjectMessageBodyWriter.java"><method name="&lt;init&gt;" desc="()V" line="34"><counter type="INSTRUCTION" missed="0" covered="3"/><counter type="LINE" missed="0" covered="1"/><counter type="COMPLEXITY" missed="0" covered="1"/><counter type="METHOD" missed="0" covered="1"/></method><method name="isWriteable" desc="(Ljava/lang/Class;Ljava/lang/reflect/Type;[Ljava/lang/annotation/Annotation;Ljakarta/ws/rs/core/MediaType;)Z" line="38"><counter type="INSTRUCTION" missed="0" covered="4"/><counter type="LINE" missed="0" covered="1"/><counter type="COMPLEXITY" missed="0" covered="1"/><counter type="METHOD" missed="0" covered="1"/></method><method name="writeTo" desc="(Lio/vertx/core/json/JsonObject;Ljava/lang/Class;Ljava/lang/reflect/Type;[Ljava/lang/annotation/Annotation;Ljakarta/ws/rs/core/MediaType;Ljakarta/ws/rs/core/MultivaluedMap;Ljava/io/OutputStream;)V" line="43"><counter type="INSTRUCTION" missed="0" covered="7"/><counter type="LINE" missed="0" covered="2"/><counter type="COMPLEXITY" missed="0" covered="1"/><counter type="METHOD" missed="0" covered="1"/></method><counter type="INSTRUCTION" missed="0" covered="14"/><counter type="LINE" missed="0" covered="4"/><counter type="COMPLEXITY" missed="0" covered="3"/><counter type="METHOD" missed="0" covered="3"/><counter type="CLASS" missed="0" covered="1"/></class><class name="uk/co/spudsoft/vertx/rest/serialisers/JsonArrayMessageBodyReader" sourcefilename="JsonArrayMessageBodyReader.java"><method name="&lt;init&gt;" desc="()V" line="34"><counter type="INSTRUCTION" missed="0" covered="3"/><counter type="LINE" missed="0" covered="1"/><counter type="COMPLEXITY" missed="0" covered="1"/><counter type="METHOD" missed="0" covered="1"/></method><method name="isReadable" desc="(Ljava/lang/Class;Ljava/lang/reflect/Type;[Ljava/lang/annotation/Annotation;Ljakarta/ws/rs/core/MediaType;)Z" line="38"><counter type="INSTRUCTION" missed="0" covered="4"/><counter type="LINE" missed="0" covered="1"/><counter type="COMPLEXITY" missed="0" covered="1"/><counter type="METHOD" missed="0" covered="1"/></method><method name="readFrom" desc="(Ljava/lang/Class;Ljava/lang/reflect/Type;[Ljava/lang/annotation/Annotation;Ljakarta/ws/rs/core/MediaType;Ljakarta/ws/rs/core/MultivaluedMap;Ljava/io/InputStream;)Lio/vertx/core/json/JsonArray;" line="43"><counter type="INSTRUCTION" missed="0" covered="7"/><counter type="LINE" missed="0" covered="1"/><counter type="COMPLEXITY" missed="0" covered="1"/><counter type="METHOD" missed="0" covered="1"/></method><counter type="INSTRUCTION" missed="0" covered="14"/><counter type="LINE" missed="0" covered="3"/><counter type="COMPLEXITY" missed="0" covered="3"/><counter type="METHOD" missed="0" covered="3"/><counter type="CLASS" missed="0" covered="1"/></class><sourcefile name="JsonObjectMessageBodyWriter.java"><line nr="34" mi="0" ci="3" mb="0" cb="0"/><line nr="38" mi="0" ci="4" mb="0" cb="0"/><line nr="43" mi="0" ci="6" mb="0" cb="0"/><line nr="44" mi="0" ci="1" mb="0" cb="0"/><counter type="INSTRUCTION" missed="0" covered="14"/><counter type="LINE" missed="0" covered="4"/><counter type="COMPLEXITY" missed="0" covered="3"/><counter type="METHOD" missed="0" covered="3"/><counter type="CLASS" missed="0" covered="1"/></sourcefile><sourcefile name="JsonArrayMessageBodyWriter.java"><line nr="34" mi="0" ci="3" mb="0" cb="0"/><line nr="38" mi="0" ci="4" mb="0" cb="0"/><line nr="43" mi="0" ci="6" mb="0" cb="0"/><line nr="44" mi="0" ci="1" mb="0" cb="0"/><counter type="INSTRUCTION" missed="0" covered="14"/><counter type="LINE" missed="0" covered="4"/><counter type="COMPLEXITY" missed="0" covered="3"/><counter type="METHOD" missed="0" covered="3"/><counter type="CLASS" missed="0" covered="1"/></sourcefile><sourcefile name="JsonObjectMessageBodyReader.java"><line nr="34" mi="0" ci="3" mb="0" cb="0"/><line nr="38" mi="0" ci="4" mb="0" cb="0"/><line nr="43" mi="0" ci="7" mb="0" cb="0"/><counter type="INSTRUCTION" missed="0" covered="14"/><counter type="LINE" missed="0" covered="3"/><counter type="COMPLEXITY" missed="0" covered="3"/><counter type="METHOD" missed="0" covered="3"/><counter type="CLASS" missed="0" covered="1"/></sourcefile><sourcefile name="JsonArrayMessageBodyReader.java"><line nr="34" mi="0" ci="3" mb="0" cb="0"/><line nr="38" mi="0" ci="4" mb="0" cb="0"/><line nr="43" mi="0" ci="7" mb="0" cb="0"/><counter type="INSTRUCTION" missed="0" covered="14"/><counter type="LINE" missed="0" covered="3"/><counter type="COMPLEXITY" missed="0" covered="3"/><counter type="METHOD" missed="0" covered="3"/><counter type="CLASS" missed="0" covered="1"/></sourcefile><counter type="INSTRUCTION" missed="0" covered="56"/><counter type="LINE" missed="0" covered="14"/><counter type="COMPLEXITY" missed="0" covered="12"/><counter type="METHOD" missed="0" covered="12"/><counter type="CLASS" missed="0" covered="4"/></package><counter type="INSTRUCTION" missed="116" covered="1368"/><counter type="BRANCH" missed="22" covered="127"/><counter type="LINE" missed="25" covered="332"/><counter type="COMPLEXITY" missed="20" covered="120"/><counter type="METHOD" missed="0" covered="64"/><counter type="CLASS" missed="0" covered="12"/></report>