<?xml version="1.0" encoding="UTF-8" standalone="yes"?><!DOCTYPE report PUBLIC "-//JACOCO//DTD Report 1.1//EN" "report.dtd"><report name="Vertx RESTEasy Helpers"><sessioninfo id="fv-az465-730-44b63b3c" start="1661767393348" dump="1661767400141"/><sessioninfo id="fv-az465-730-44b63b3c" start="1661767393348" dump="1661767400141"/><sessioninfo id="fv-az465-730-82528470" start="1661767393449" dump="1661767406709"/><sessioninfo id="fv-az465-730-82528470" start="1661767393449" dump="1661767406709"/><sessioninfo id="fv-az465-730-dabee15f" start="1661767393447" dump="1661767407773"/><sessioninfo id="fv-az465-730-dabee15f" start="1661767393447" dump="1661767407773"/></report>