<?xml version="1.0" encoding="UTF-8"?>
<testsuites failures="1" name="dependency-check" tests="50">
        <testsuite failures="0" errors="0" time="0" id="0" name="/home/runner/.m2/repository/org/hdrhistogram/HdrHistogram/2.2.2/HdrHistogram-2.2.2.jar" package="HdrHistogram-2.2.2.jar" skipped="0" tests="1" timestamp="2026-02-03T10:02:58.244766458">
            <testcase classname="dependency-check" name="HdrHistogram-2.2.2.jar"/>
    </testsuite>
        <testsuite failures="0" errors="0" time="0" id="1" name="/home/runner/.m2/repository/org/latencyutils/LatencyUtils/2.0.3/LatencyUtils-2.0.3.jar" package="LatencyUtils-2.0.3.jar" skipped="0" tests="1" timestamp="2026-02-03T10:02:58.244766458">
            <testcase classname="dependency-check" name="LatencyUtils-2.0.3.jar"/>
    </testsuite>
        <testsuite failures="0" errors="0" time="0" id="2" name="/home/runner/.m2/repository/org/eclipse/angus/angus-activation/2.0.3/angus-activation-2.0.3.jar" package="angus-activation-2.0.3.jar" skipped="0" tests="1" timestamp="2026-02-03T10:02:58.244766458">
            <testcase classname="dependency-check" name="angus-activation-2.0.3.jar"/>
    </testsuite>
        <testsuite failures="0" errors="0" time="0" id="3" name="/home/runner/.m2/repository/com/ibm/async/asyncutil/0.1.0/asyncutil-0.1.0.jar" package="asyncutil-0.1.0.jar" skipped="0" tests="1" timestamp="2026-02-03T10:02:58.244766458">
            <testcase classname="dependency-check" name="asyncutil-0.1.0.jar"/>
    </testsuite>
        <testsuite failures="0" errors="0" time="0" id="4" name="/home/runner/.m2/repository/io/github/classgraph/classgraph/4.8.184/classgraph-4.8.184.jar" package="classgraph-4.8.184.jar" skipped="0" tests="1" timestamp="2026-02-03T10:02:58.244766458">
            <testcase classname="dependency-check" name="classgraph-4.8.184.jar"/>
    </testsuite>
        <testsuite failures="0" errors="0" time="0" id="5" name="/home/runner/.m2/repository/commons-codec/commons-codec/1.15/commons-codec-1.15.jar" package="commons-codec-1.15.jar" skipped="0" tests="1" timestamp="2026-02-03T10:02:58.244766458">
            <testcase classname="dependency-check" name="commons-codec-1.15.jar"/>
    </testsuite>
        <testsuite failures="0" errors="0" time="0" id="6" name="/home/runner/.m2/repository/org/apache/commons/commons-lang3/3.19.0/commons-lang3-3.19.0.jar" package="commons-lang3-3.19.0.jar" skipped="0" tests="1" timestamp="2026-02-03T10:02:58.244766458">
            <testcase classname="dependency-check" name="commons-lang3-3.19.0.jar"/>
    </testsuite>
        <testsuite failures="0" errors="0" time="0" id="7" name="/home/runner/.m2/repository/org/apache/httpcomponents/httpclient/4.5.13/httpclient-4.5.13.jar" package="httpclient-4.5.13.jar" skipped="0" tests="1" timestamp="2026-02-03T10:02:58.244766458">
            <testcase classname="dependency-check" name="httpclient-4.5.13.jar"/>
    </testsuite>
        <testsuite failures="0" errors="0" time="0" id="8" name="/home/runner/.m2/repository/org/apache/httpcomponents/httpcore/4.4.13/httpcore-4.4.13.jar" package="httpcore-4.4.13.jar" skipped="0" tests="1" timestamp="2026-02-03T10:02:58.244766458">
            <testcase classname="dependency-check" name="httpcore-4.4.13.jar"/>
    </testsuite>
        <testsuite failures="0" errors="0" time="0" id="9" name="/home/runner/.m2/repository/com/fasterxml/jackson/core/jackson-annotations/2.21/jackson-annotations-2.21.jar" package="jackson-annotations-2.21.jar" skipped="0" tests="1" timestamp="2026-02-03T10:02:58.244766458">
            <testcase classname="dependency-check" name="jackson-annotations-2.21.jar"/>
    </testsuite>
        <testsuite failures="0" errors="0" time="0" id="10" name="/home/runner/.m2/repository/com/fasterxml/jackson/core/jackson-core/2.21.0/jackson-core-2.21.0.jar" package="jackson-core-2.21.0.jar" skipped="0" tests="1" timestamp="2026-02-03T10:02:58.244766458">
            <testcase classname="dependency-check" name="jackson-core-2.21.0.jar"/>
    </testsuite>
        <testsuite failures="0" errors="0" time="0" id="11" name="/home/runner/.m2/repository/com/fasterxml/jackson/core/jackson-databind/2.21.0/jackson-databind-2.21.0.jar" package="jackson-databind-2.21.0.jar" skipped="0" tests="1" timestamp="2026-02-03T10:02:58.244766458">
            <testcase classname="dependency-check" name="jackson-databind-2.21.0.jar"/>
    </testsuite>
        <testsuite failures="0" errors="0" time="0" id="12" name="/home/runner/.m2/repository/com/fasterxml/jackson/dataformat/jackson-dataformat-yaml/2.21.0/jackson-dataformat-yaml-2.21.0.jar" package="jackson-dataformat-yaml-2.21.0.jar" skipped="0" tests="1" timestamp="2026-02-03T10:02:58.244766458">
            <testcase classname="dependency-check" name="jackson-dataformat-yaml-2.21.0.jar"/>
    </testsuite>
        <testsuite failures="0" errors="0" time="0" id="13" name="/home/runner/.m2/repository/com/fasterxml/jackson/jakarta/rs/jackson-jakarta-rs-base/2.21.0/jackson-jakarta-rs-base-2.21.0.jar" package="jackson-jakarta-rs-base-2.21.0.jar" skipped="0" tests="1" timestamp="2026-02-03T10:02:58.244766458">
            <testcase classname="dependency-check" name="jackson-jakarta-rs-base-2.21.0.jar"/>
    </testsuite>
        <testsuite failures="0" errors="0" time="0" id="14" name="/home/runner/.m2/repository/com/fasterxml/jackson/jakarta/rs/jackson-jakarta-rs-json-provider/2.21.0/jackson-jakarta-rs-json-provider-2.21.0.jar" package="jackson-jakarta-rs-json-provider-2.21.0.jar" skipped="0" tests="1" timestamp="2026-02-03T10:02:58.244766458">
            <testcase classname="dependency-check" name="jackson-jakarta-rs-json-provider-2.21.0.jar"/>
    </testsuite>
        <testsuite failures="0" errors="0" time="0" id="15" name="/home/runner/.m2/repository/com/fasterxml/jackson/module/jackson-module-jakarta-xmlbind-annotations/2.21.0/jackson-module-jakarta-xmlbind-annotations-2.21.0.jar" package="jackson-module-jakarta-xmlbind-annotations-2.21.0.jar" skipped="0" tests="1" timestamp="2026-02-03T10:02:58.244766458">
            <testcase classname="dependency-check" name="jackson-module-jakarta-xmlbind-annotations-2.21.0.jar"/>
    </testsuite>
        <testsuite failures="0" errors="0" time="0" id="16" name="/home/runner/.m2/repository/jakarta/activation/jakarta.activation-api/2.1.4/jakarta.activation-api-2.1.4.jar" package="jakarta.activation-api-2.1.4.jar" skipped="0" tests="1" timestamp="2026-02-03T10:02:58.244766458">
            <testcase classname="dependency-check" name="jakarta.activation-api-2.1.4.jar"/>
    </testsuite>
        <testsuite failures="0" errors="0" time="0" id="17" name="/home/runner/.m2/repository/jakarta/annotation/jakarta.annotation-api/2.1.1/jakarta.annotation-api-2.1.1.jar" package="jakarta.annotation-api-2.1.1.jar" skipped="0" tests="1" timestamp="2026-02-03T10:02:58.244766458">
            <testcase classname="dependency-check" name="jakarta.annotation-api-2.1.1.jar"/>
    </testsuite>
        <testsuite failures="0" errors="0" time="0" id="18" name="/home/runner/.m2/repository/jakarta/validation/jakarta.validation-api/3.1.1/jakarta.validation-api-3.1.1.jar" package="jakarta.validation-api-3.1.1.jar" skipped="0" tests="1" timestamp="2026-02-03T10:02:58.244766458">
            <testcase classname="dependency-check" name="jakarta.validation-api-3.1.1.jar"/>
    </testsuite>
        <testsuite failures="0" errors="0" time="0" id="19" name="/home/runner/.m2/repository/jakarta/ws/rs/jakarta.ws.rs-api/3.1.0/jakarta.ws.rs-api-3.1.0.jar" package="jakarta.ws.rs-api-3.1.0.jar" skipped="0" tests="1" timestamp="2026-02-03T10:02:58.244766458">
            <testcase classname="dependency-check" name="jakarta.ws.rs-api-3.1.0.jar"/>
    </testsuite>
        <testsuite failures="0" errors="0" time="0" id="20" name="/home/runner/.m2/repository/jakarta/xml/bind/jakarta.xml.bind-api/3.0.1/jakarta.xml.bind-api-3.0.1.jar" package="jakarta.xml.bind-api-3.0.1.jar" skipped="0" tests="1" timestamp="2026-02-03T10:02:58.244766458">
            <testcase classname="dependency-check" name="jakarta.xml.bind-api-3.0.1.jar"/>
    </testsuite>
        <testsuite failures="0" errors="0" time="0" id="21" name="/home/runner/.m2/repository/org/jboss/jandex/2.4.5.Final/jandex-2.4.5.Final.jar" package="jandex-2.4.5.Final.jar" skipped="0" tests="1" timestamp="2026-02-03T10:02:58.244766458">
            <testcase classname="dependency-check" name="jandex-2.4.5.Final.jar"/>
    </testsuite>
        <testsuite failures="0" errors="0" time="0" id="22" name="/home/runner/.m2/repository/org/javassist/javassist/3.30.2-GA/javassist-3.30.2-GA.jar" package="javassist-3.30.2-GA.jar" skipped="0" tests="1" timestamp="2026-02-03T10:02:58.244766458">
            <testcase classname="dependency-check" name="javassist-3.30.2-GA.jar"/>
    </testsuite>
        <testsuite failures="0" errors="0" time="0" id="23" name="/home/runner/.m2/repository/org/jboss/logging/jboss-logging/3.6.1.Final/jboss-logging-3.6.1.Final.jar" package="jboss-logging-3.6.1.Final.jar" skipped="0" tests="1" timestamp="2026-02-03T10:02:58.244766458">
            <testcase classname="dependency-check" name="jboss-logging-3.6.1.Final.jar"/>
    </testsuite>
        <testsuite failures="0" errors="0" time="0" id="24" name="/home/runner/.m2/repository/org/jspecify/jspecify/1.0.0/jspecify-1.0.0.jar" package="jspecify-1.0.0.jar" skipped="0" tests="1" timestamp="2026-02-03T10:02:58.244766458">
            <testcase classname="dependency-check" name="jspecify-1.0.0.jar"/>
    </testsuite>
        <testsuite failures="0" errors="0" time="0" id="25" name="/home/runner/.m2/repository/com/google/code/findbugs/jsr305/3.0.2/jsr305-3.0.2.jar" package="jsr305-3.0.2.jar" skipped="0" tests="1" timestamp="2026-02-03T10:02:58.244766458">
            <testcase classname="dependency-check" name="jsr305-3.0.2.jar"/>
    </testsuite>
        <testsuite failures="0" errors="0" time="0" id="26" name="/home/runner/.m2/repository/io/micrometer/micrometer-commons/1.16.2/micrometer-commons-1.16.2.jar" package="micrometer-commons-1.16.2.jar" skipped="0" tests="1" timestamp="2026-02-03T10:02:58.244766458">
            <testcase classname="dependency-check" name="micrometer-commons-1.16.2.jar"/>
    </testsuite>
        <testsuite failures="0" errors="0" time="0" id="27" name="/home/runner/.m2/repository/io/micrometer/micrometer-core/1.16.2/micrometer-core-1.16.2.jar" package="micrometer-core-1.16.2.jar" skipped="0" tests="1" timestamp="2026-02-03T10:02:58.244766458">
            <testcase classname="dependency-check" name="micrometer-core-1.16.2.jar"/>
    </testsuite>
        <testsuite failures="0" errors="0" time="0" id="28" name="/home/runner/.m2/repository/io/micrometer/micrometer-observation/1.16.2/micrometer-observation-1.16.2.jar" package="micrometer-observation-1.16.2.jar" skipped="0" tests="1" timestamp="2026-02-03T10:02:58.244766458">
            <testcase classname="dependency-check" name="micrometer-observation-1.16.2.jar"/>
    </testsuite>
        <testsuite failures="0" errors="0" time="0" id="29" name="/home/runner/.m2/repository/io/micrometer/micrometer-registry-prometheus/1.16.2/micrometer-registry-prometheus-1.16.2.jar" package="micrometer-registry-prometheus-1.16.2.jar" skipped="0" tests="1" timestamp="2026-02-03T10:02:58.244766458">
            <testcase classname="dependency-check" name="micrometer-registry-prometheus-1.16.2.jar"/>
    </testsuite>
        <testsuite failures="0" errors="0" time="0" id="30" name="/home/runner/.m2/repository/io/netty/netty-common/4.2.6.Final/netty-common-4.2.6.Final.jar/META-INF/maven/org.jctools/jctools-core/pom.xml" package="netty-common-4.2.6.Final.jar (shaded: org.jctools:jctools-core:4.0.5)" skipped="0" tests="1" timestamp="2026-02-03T10:02:58.244766458">
            <testcase classname="dependency-check" name="netty-common-4.2.6.Final.jar (shaded: org.jctools:jctools-core:4.0.5)"/>
    </testsuite>
        <testsuite failures="1" errors="0" time="0" id="31" name="/home/runner/.m2/repository/io/netty/netty-transport/4.2.6.Final/netty-transport-4.2.6.Final.jar" package="netty-transport-4.2.6.Final.jar" skipped="0" tests="1" timestamp="2026-02-03T10:02:58.244766458">
            <testcase classname="CVE-2025-67735" name="pkg:maven/io.netty/netty-transport@4.2.6.Final">
                <failure message="cvssV3: MEDIUM, score: 6.5 (CVSS:3.1/AV:N/AC:L/PR:N/UI:N/S:U/C:L/I:L/A:N/E:3.9/RC:R/MAV:A)"/>
            <system-out>Netty is an asynchronous, event-driven network application framework. In versions prior to 4.1.129.Final and 4.2.8.Final, the `io.netty.handler.codec.http.HttpRequestEncoder` has a CRLF injection with the request URI when constructing a request. This leads to request smuggling when `HttpRequestEncoder` is used without proper sanitization of the URI. Any application / framework using `HttpRequestEncoder` can be subject to be abused to perform request smuggling using CRLF injection. Versions 4.1.129.Final and 4.2.8.Final fix the issue.</system-out>
            <system-err>location: /home/runner/.m2/repository/io/netty/netty-transport/4.2.6.Final/netty-transport-4.2.6.Final.jar, project-references: [ Vertx RESTEasy Helpers:compile ]</system-err>
        </testcase>
    </testsuite>
        <testsuite failures="0" errors="0" time="0" id="32" name="/home/runner/.m2/repository/io/prometheus/prometheus-metrics-config/1.4.3/prometheus-metrics-config-1.4.3.jar" package="prometheus-metrics-config-1.4.3.jar" skipped="0" tests="1" timestamp="2026-02-03T10:02:58.244766458">
            <testcase classname="dependency-check" name="prometheus-metrics-config-1.4.3.jar"/>
    </testsuite>
        <testsuite failures="0" errors="0" time="0" id="33" name="/home/runner/.m2/repository/io/prometheus/prometheus-metrics-core/1.4.3/prometheus-metrics-core-1.4.3.jar" package="prometheus-metrics-core-1.4.3.jar" skipped="0" tests="1" timestamp="2026-02-03T10:02:58.244766458">
            <testcase classname="dependency-check" name="prometheus-metrics-core-1.4.3.jar"/>
    </testsuite>
        <testsuite failures="0" errors="0" time="0" id="34" name="/home/runner/.m2/repository/io/prometheus/prometheus-metrics-exposition-formats/1.4.3/prometheus-metrics-exposition-formats-1.4.3.jar" package="prometheus-metrics-exposition-formats-1.4.3.jar" skipped="0" tests="1" timestamp="2026-02-03T10:02:58.244766458">
            <testcase classname="dependency-check" name="prometheus-metrics-exposition-formats-1.4.3.jar"/>
    </testsuite>
        <testsuite failures="0" errors="0" time="0" id="35" name="/home/runner/.m2/repository/io/prometheus/prometheus-metrics-exposition-textformats/1.4.3/prometheus-metrics-exposition-textformats-1.4.3.jar" package="prometheus-metrics-exposition-textformats-1.4.3.jar" skipped="0" tests="1" timestamp="2026-02-03T10:02:58.244766458">
            <testcase classname="dependency-check" name="prometheus-metrics-exposition-textformats-1.4.3.jar"/>
    </testsuite>
        <testsuite failures="0" errors="0" time="0" id="36" name="/home/runner/.m2/repository/io/prometheus/prometheus-metrics-model/1.4.3/prometheus-metrics-model-1.4.3.jar" package="prometheus-metrics-model-1.4.3.jar" skipped="0" tests="1" timestamp="2026-02-03T10:02:58.244766458">
            <testcase classname="dependency-check" name="prometheus-metrics-model-1.4.3.jar"/>
    </testsuite>
        <testsuite failures="0" errors="0" time="0" id="37" name="/home/runner/.m2/repository/io/prometheus/prometheus-metrics-tracer-common/1.4.3/prometheus-metrics-tracer-common-1.4.3.jar" package="prometheus-metrics-tracer-common-1.4.3.jar" skipped="0" tests="1" timestamp="2026-02-03T10:02:58.244766458">
            <testcase classname="dependency-check" name="prometheus-metrics-tracer-common-1.4.3.jar"/>
    </testsuite>
        <testsuite failures="0" errors="0" time="0" id="38" name="/home/runner/.m2/repository/org/reactivestreams/reactive-streams/1.0.4/reactive-streams-1.0.4.jar" package="reactive-streams-1.0.4.jar" skipped="0" tests="1" timestamp="2026-02-03T10:02:58.244766458">
            <testcase classname="dependency-check" name="reactive-streams-1.0.4.jar"/>
    </testsuite>
        <testsuite failures="0" errors="0" time="0" id="39" name="/home/runner/.m2/repository/org/jboss/resteasy/resteasy-client/6.2.14.Final/resteasy-client-6.2.14.Final.jar" package="resteasy-client-6.2.14.Final.jar" skipped="0" tests="1" timestamp="2026-02-03T10:02:58.244766458">
            <testcase classname="dependency-check" name="resteasy-client-6.2.14.Final.jar"/>
    </testsuite>
        <testsuite failures="0" errors="0" time="0" id="40" name="/home/runner/.m2/repository/org/jboss/resteasy/resteasy-client-api/6.2.14.Final/resteasy-client-api-6.2.14.Final.jar" package="resteasy-client-api-6.2.14.Final.jar" skipped="0" tests="1" timestamp="2026-02-03T10:02:58.244766458">
            <testcase classname="dependency-check" name="resteasy-client-api-6.2.14.Final.jar"/>
    </testsuite>
        <testsuite failures="0" errors="0" time="0" id="41" name="/home/runner/.m2/repository/org/jboss/resteasy/resteasy-core/6.2.14.Final/resteasy-core-6.2.14.Final.jar" package="resteasy-core-6.2.14.Final.jar" skipped="0" tests="1" timestamp="2026-02-03T10:02:58.244766458">
            <testcase classname="dependency-check" name="resteasy-core-6.2.14.Final.jar"/>
    </testsuite>
        <testsuite failures="0" errors="0" time="0" id="42" name="/home/runner/.m2/repository/org/jboss/resteasy/resteasy-core-spi/6.2.14.Final/resteasy-core-spi-6.2.14.Final.jar" package="resteasy-core-spi-6.2.14.Final.jar" skipped="0" tests="1" timestamp="2026-02-03T10:02:58.244766458">
            <testcase classname="dependency-check" name="resteasy-core-spi-6.2.14.Final.jar"/>
    </testsuite>
        <testsuite failures="0" errors="0" time="0" id="43" name="/home/runner/.m2/repository/dev/resteasy/vertx/resteasy-vertx-client/2.0.0.Beta1/resteasy-vertx-client-2.0.0.Beta1.jar" package="resteasy-vertx-client-2.0.0.Beta1.jar" skipped="0" tests="1" timestamp="2026-02-03T10:02:58.244766458">
            <testcase classname="dependency-check" name="resteasy-vertx-client-2.0.0.Beta1.jar"/>
    </testsuite>
        <testsuite failures="0" errors="0" time="0" id="44" name="/home/runner/.m2/repository/dev/resteasy/vertx/resteasy-vertx-embedded-server/2.0.0.Beta1/resteasy-vertx-embedded-server-2.0.0.Beta1.jar" package="resteasy-vertx-embedded-server-2.0.0.Beta1.jar" skipped="0" tests="1" timestamp="2026-02-03T10:02:58.244766458">
            <testcase classname="dependency-check" name="resteasy-vertx-embedded-server-2.0.0.Beta1.jar"/>
    </testsuite>
        <testsuite failures="0" errors="0" time="0" id="45" name="/home/runner/.m2/repository/org/slf4j/slf4j-api/2.1.0-alpha1/slf4j-api-2.1.0-alpha1.jar" package="slf4j-api-2.1.0-alpha1.jar" skipped="0" tests="1" timestamp="2026-02-03T10:02:58.244766458">
            <testcase classname="dependency-check" name="slf4j-api-2.1.0-alpha1.jar"/>
    </testsuite>
        <testsuite failures="0" errors="0" time="0" id="46" name="/home/runner/.m2/repository/org/yaml/snakeyaml/2.5/snakeyaml-2.5.jar" package="snakeyaml-2.5.jar" skipped="0" tests="1" timestamp="2026-02-03T10:02:58.244766458">
            <testcase classname="dependency-check" name="snakeyaml-2.5.jar"/>
    </testsuite>
        <testsuite failures="0" errors="0" time="0" id="47" name="/home/runner/.m2/repository/com/github/spotbugs/spotbugs-annotations/4.9.8/spotbugs-annotations-4.9.8.jar" package="spotbugs-annotations-4.9.8.jar" skipped="0" tests="1" timestamp="2026-02-03T10:02:58.244766458">
            <testcase classname="dependency-check" name="spotbugs-annotations-4.9.8.jar"/>
    </testsuite>
        <testsuite failures="0" errors="0" time="0" id="48" name="/home/runner/.m2/repository/io/swagger/core/v3/swagger-core-jakarta/2.2.42/swagger-core-jakarta-2.2.42.jar" package="swagger-core-jakarta-2.2.42.jar" skipped="0" tests="1" timestamp="2026-02-03T10:02:58.244766458">
            <testcase classname="dependency-check" name="swagger-core-jakarta-2.2.42.jar"/>
    </testsuite>
        <testsuite failures="0" errors="0" time="0" id="49" name="/home/runner/.m2/repository/io/vertx/vertx-core/5.0.7/vertx-core-5.0.7.jar" package="vertx-core-5.0.7.jar" skipped="0" tests="1" timestamp="2026-02-03T10:02:58.244766458">
            <testcase classname="dependency-check" name="vertx-core-5.0.7.jar"/>
    </testsuite>
        <testsuite failures="0" errors="0" time="0" id="50" name="/home/runner/.m2/repository/io/vertx/vertx-web/5.0.7/vertx-web-5.0.7.jar" package="vertx-web-5.0.7.jar" skipped="0" tests="1" timestamp="2026-02-03T10:02:58.244766458">
            <testcase classname="dependency-check" name="vertx-web-5.0.7.jar"/>
    </testsuite>
</testsuites>